  imgui.cpp
  main.cpp
  shadersDemoContext.cpp
  aabbtree.cpp
  core.cpp
  extrude.cpp
  maths.cpp
  mesh.cpp
  perlin.cpp
  pfm.cpp
  platform.cpp
  png.cpp
  sdf.cpp
..\..\..\core\sdf.cpp : warning C4819: ファイルは、現在のコード ページ (932) で表示できない文字を含んでいます。データの損失を防ぐために、ファイルを Unicode 形式で保存してください。
  tga.cpp
  voxelize.cpp
  imguiRenderGL.cpp
  shader.cpp
  shadersGL.cpp
  appD3D11Ctx.cpp
  debugLineRenderD3D11.cpp
  コードを生成中...
  コンパイル中...
  demoContextD3D11.cpp
  diffuseRenderD3D11.cpp
  fluidRenderD3D11.cpp
  imguiGraphD3D11.cpp
  imguiInteropD3D11.cpp
  meshRenderD3D11.cpp
  pointRenderD3D11.cpp
  renderTargetD3D11.cpp
  shadowMapD3D11.cpp
  appD3D12Ctx.cpp
  bufferD3D12.cpp
  demoContextD3D12.cpp
  diffusePointRenderPipelineD3D12.cpp
  fluidCompositeRenderPipelineD3D12.cpp
  fluidEllipsoidRenderPipelineD3D12.cpp
  fluidSmoothRenderPipelineD3D12.cpp
  fluidThicknessRenderPipelineD3D12.cpp
  imguiGraphD3D12.cpp
  imguiInteropD3D12.cpp
  lineRenderPipelineD3D12.cpp
  コードを生成中...
  コンパイル中...
  meshRenderer.cpp
  meshRendererD3D12.cpp
  meshRenderPipelineD3D12.cpp
  meshUtil.cpp
  NvCoDx12CircularResourceHeap.cpp
  NvCoDx12CounterFence.cpp
  NvCoDx12DescriptorHeap.cpp
  NvCoDx12HelperUtil.cpp
  NvCoDx12RenderTarget.cpp
  NvCoDx12Resource.cpp
  NvCoDx12ResourceScopeManager.cpp
  NvCoDxDebugUtil.cpp
  NvCoDxFormatUtil.cpp
  NvCoFreeList.cpp
  pipelineUtilD3D12.cpp
  pointRenderPipelineD3D12.cpp
  renderStateD3D12.cpp
  appGraphCtxLoader.cpp
  imguiGraph.cpp
  imguiGraphLoader.cpp
  コードを生成中...
  コンパイル中...
  loader.cpp
  renderParamsD3D.cpp
  コードを生成中...
     ライブラリ ./../../../bin/win64\NvFlexDemoDebugCUDA_x64.lib とオブジェクト ./../../../bin/win64\NvFlexDemoDebugCUDA_x64.exp を作成中
  flexDemoCUDA.vcxproj -> C:\Users\teshima\Desktop\shigetomi\FleX-master\demo\compiler\vc14win64\./../../../bin/win64\NvFlexDemoDebugCUDA_x64.exe
  flexDemoCUDA.vcxproj -> ./../../../bin/win64\/NvFlexDemoDebugCUDA_x64.exe.pdb (Full PDB)
